2026-03-06 10:37:55,659 - HealthCheck - INFO - Starting System Health Check...
2026-03-06 10:37:56,034 - HealthCheck - ERROR - System Health Check: FAILED
2026-03-06 10:38:15,599 - HealthCheck - INFO - Starting System Health Check...
2026-03-06 10:38:15,669 - HealthCheck - ERROR - System Health Check: FAILED
2026-03-06 10:38:34,965 - HealthCheck - INFO - Starting System Health Check...
2026-03-06 10:38:35,049 - HealthCheck - ERROR - System Health Check: FAILED
2026-03-06 10:38:50,751 - HealthCheck - INFO - Starting System Health Check...
2026-03-06 10:38:50,823 - HealthCheck - ERROR - [FAIL] Database: Database connection failed: (psycopg2.OperationalError) connection to server at "localhost" (::1), port 5432 failed: FATAL:  password authentication failed for user "postgres"

(Background on this error at: https://sqlalche.me/e/20/e3q8)
2026-03-06 10:38:50,824 - HealthCheck - INFO - [PASS] ML Model: Model artifact found.
2026-03-06 10:38:50,824 - HealthCheck - INFO - [PASS] Outputs: Output directory ready.
2026-03-06 10:38:50,825 - HealthCheck - ERROR - System Health Check: FAILED
2026-03-06 10:39:10,790 - HealthCheck - INFO - Starting System Health Check...
2026-03-06 10:39:10,887 - HealthCheck - INFO - [PASS] Database: Database and raw 'planets' table found.
2026-03-06 10:39:10,887 - HealthCheck - INFO - [PASS] ML Model: Model artifact found.
2026-03-06 10:39:10,887 - HealthCheck - INFO - [PASS] Outputs: Output directory ready.
2026-03-06 10:39:10,888 - HealthCheck - INFO - System Health Check: PASSED
2026-03-06 10:39:10,888 - PipelineOrchestrator - INFO - Executing Dataset Analysis...
2026-03-06 10:39:15,574 - DatasetAnalysis - INFO - Starting Dataset Intelligence Pipeline
2026-03-06 10:39:15,575 - DatasetAnalysis - INFO - Loading data from exoplanet_data.planets ...
2026-03-06 10:39:15,910 - DatasetAnalysis - INFO - Loaded 6,128 rows.
2026-03-06 10:39:15,910 - DatasetAnalysis - INFO - Running Data Quality Diagnostics ...
2026-03-06 10:39:16,220 - DatasetAnalysis - INFO - Applying Filters and Removing Outliers ...
2026-03-06 10:39:16,224 - DatasetAnalysis - INFO - Physical bounds applied: removed 11 rows.
2026-03-06 10:39:16,228 - DatasetAnalysis - INFO - Z-Score filtering applied: removed 222 rows.
2026-03-06 10:39:16,230 - DatasetAnalysis - INFO - Data Balanced: final dataset has 5,895 rows.
2026-03-06 10:39:16,230 - DatasetAnalysis - INFO - Engineering Scientifically Meaningful Features ...
2026-03-06 10:39:16,234 - DatasetAnalysis - INFO - Features engineered successfully.
2026-03-06 10:39:16,234 - DatasetAnalysis - INFO - Generating Visual Reports ...
2026-03-06 10:39:16,920 - DatasetAnalysis - INFO - Visual reports saved to E:\exo-intel-platform\analysis_outputs
2026-03-06 10:39:16,920 - DatasetAnalysis - INFO - Writing Enriched Dataset to PostgreSQL ...
2026-03-06 10:39:17,518 - DatasetAnalysis - INFO - Successfully wrote 'exoplanet_data.planets_enriched' to the database.
2026-03-06 10:39:17,518 - DatasetAnalysis - INFO - Dataset Intelligence Pipeline Complete.
2026-03-06 10:39:17,846 - PipelineOrchestrator - INFO - ✅ Dataset Analysis completed in 6.96s
2026-03-06 10:39:17,847 - PipelineOrchestrator - INFO - Executing Habitability Model Training...
2026-03-06 10:39:19,855 - ModelTraining - INFO - Starting Model Training Pipeline
2026-03-06 10:39:19,855 - ModelTraining - INFO - Loading data from PostgreSQL...
2026-03-06 10:39:19,948 - ModelTraining - INFO - Loaded 6128 rows.
2026-03-06 10:39:19,948 - ModelTraining - INFO - Cleaning and balancing data...
2026-03-06 10:39:19,954 - ModelTraining - INFO - Data cleaned and balanced.
2026-03-06 10:39:19,954 - ModelTraining - INFO - Comparing models and tuning...
2026-03-06 10:39:27,114 - ModelTraining - INFO - Selected Best Model: GradientBoosting (R2: 0.9682)
2026-03-06 10:39:30,092 - ModelTraining - INFO - Running Final Evaluation...
2026-03-06 10:39:30,095 - ModelTraining - INFO - Model Eval -> R2: 0.9682, PredStd: 0.0560
2026-03-06 10:39:30,100 - ModelTraining - INFO - Model saved to E:\exo-intel-platform\src\ml_models\habitability_model.pkl
2026-03-06 10:39:30,101 - ModelTraining - INFO - Starting Model Training Pipeline
2026-03-06 10:39:30,101 - ModelTraining - INFO - Loading data from PostgreSQL...
2026-03-06 10:39:30,161 - ModelTraining - INFO - Loaded 6128 rows.
2026-03-06 10:39:30,162 - ModelTraining - INFO - Cleaning and balancing data...
2026-03-06 10:39:30,167 - ModelTraining - INFO - Data cleaned and balanced.
2026-03-06 10:39:30,167 - ModelTraining - INFO - Comparing models and tuning...
2026-03-06 10:39:33,905 - ModelTraining - INFO - Selected Best Model: GradientBoosting (R2: 0.9682)
2026-03-06 10:39:37,429 - ModelTraining - INFO - Running Final Evaluation...
2026-03-06 10:39:37,433 - ModelTraining - INFO - Model Eval -> R2: 0.9682, PredStd: 0.0560
2026-03-06 10:39:37,438 - ModelTraining - INFO - Model saved to E:\exo-intel-platform\src\ml_models\habitability_model.pkl
2026-03-06 10:39:38,129 - PipelineOrchestrator - INFO - ✅ Habitability Model Training completed in 20.28s
2026-03-06 10:39:38,130 - PipelineOrchestrator - INFO - Executing Planet Discovery Engine...
2026-03-06 10:39:40,038 - DiscoveryEngine - INFO - Starting Planet Discovery Pipeline
2026-03-06 10:39:40,039 - DiscoveryEngine - INFO - Loading Enriched Data from DB ...
2026-03-06 10:39:40,171 - DiscoveryEngine - INFO - Loaded 4,433 planets (dropped 1,462 due to missing ML features).
2026-03-06 10:39:40,171 - DiscoveryEngine - INFO - Running Batch ML Inference ...
2026-03-06 10:39:40,383 - DiscoveryEngine - INFO - Generated predictions for 4,433 planets.
2026-03-06 10:39:40,383 - DiscoveryEngine - INFO - Computing Ranks and Combined Scores ...
2026-03-06 10:39:40,387 - DiscoveryEngine - INFO - Discovery ranking complete.
2026-03-06 10:39:40,387 - DiscoveryEngine - INFO - Generating Visual Discovery Analytics ...
2026-03-06 10:39:40,946 - DiscoveryEngine - INFO - Discovery visuals saved to E:\exo-intel-platform\analysis_outputs
2026-03-06 10:39:40,946 - DiscoveryEngine - INFO - Writing Discovery Results to PostgreSQL ...
2026-03-06 10:39:41,409 - DiscoveryEngine - INFO - Successfully wrote 'exoplanet_data.habitable_planet_candidates' to DB.
2026-03-06 10:39:41,409 - DiscoveryEngine - INFO - Planet Discovery Pipeline Complete.
2026-03-06 10:39:41,724 - PipelineOrchestrator - INFO - ✅ Planet Discovery Engine completed in 3.59s
2026-03-06 10:39:41,724 - PipelineOrchestrator - INFO - Executing Explainability Engine...
2026-03-06 10:39:45,461 - ExplainabilityEngine - INFO - Starting SHAP Explainability Analysis
2026-03-06 10:39:45,490 - ExplainabilityEngine - INFO - Loading Enriched Dataset ...
2026-03-06 10:39:45,568 - ExplainabilityEngine - INFO - Loading the Trained ML Model ...
2026-03-06 10:39:45,573 - ExplainabilityEngine - INFO - Computing SHAP Values ...
2026-03-06 10:39:45,722 - ExplainabilityEngine - INFO - Generating SHAP Visualization Reports ...
2026-03-06 10:39:46,301 - ExplainabilityEngine - INFO - Local explanation for: Proxima Cen b
2026-03-06 10:39:46,589 - ExplainabilityEngine - INFO - Exporting Feature Importance to DB ...
2026-03-06 10:39:46,644 - ExplainabilityEngine - INFO - Saved feature importance to DB.
2026-03-06 10:39:46,644 - ExplainabilityEngine - INFO - Explainability Engine integration complete.
2026-03-06 10:39:46,644 - ExplainabilityEngine - INFO - Starting SHAP Explainability Analysis
2026-03-06 10:39:46,644 - ExplainabilityEngine - INFO - Loading Enriched Dataset ...
2026-03-06 10:39:46,709 - ExplainabilityEngine - INFO - Loading the Trained ML Model ...
2026-03-06 10:39:46,714 - ExplainabilityEngine - INFO - Computing SHAP Values ...
2026-03-06 10:39:46,854 - ExplainabilityEngine - INFO - Generating SHAP Visualization Reports ...
2026-03-06 10:39:47,456 - ExplainabilityEngine - INFO - Local explanation for: Proxima Cen b
2026-03-06 10:39:47,587 - ExplainabilityEngine - INFO - Exporting Feature Importance to DB ...
2026-03-06 10:39:47,642 - ExplainabilityEngine - INFO - Saved feature importance to DB.
2026-03-06 10:39:47,642 - ExplainabilityEngine - INFO - Explainability Engine integration complete.
2026-03-06 10:39:48,079 - PipelineOrchestrator - INFO - ✅ Explainability Engine completed in 6.35s
2026-03-06 10:39:48,079 - PipelineOrchestrator - INFO - Executing Insight Engine...
2026-03-06 10:39:48,532 - PipelineOrchestrator - ERROR - ❌ Insight Engine FAILED: Traceback (most recent call last):
  File "<frozen runpy>", line 198, in _run_module_as_main
  File "<frozen runpy>", line 88, in _run_code
  File "E:\exo-intel-platform\src\analytics\insight_engine.py", line 18, in <module>
    warnings.filterwarnings("ignore")
    ^^^^^^^^
NameError: name 'warnings' is not defined. Did you mean: 'Warning'? Or did you forget to import 'warnings'?

2026-03-06 10:39:48,534 - PipelineOrchestrator - INFO - Pipeline finished with status: FAILED
2026-03-06 10:39:48,535 - HealthCheck - INFO - Starting System Health Check...
2026-03-06 10:39:48,684 - HealthCheck - INFO - [PASS] Database: Database and raw 'planets' table found.
2026-03-06 10:39:48,684 - HealthCheck - INFO - [PASS] ML Model: Model artifact found.
2026-03-06 10:39:48,685 - HealthCheck - INFO - [PASS] Outputs: Output directory ready.
2026-03-06 10:39:48,685 - HealthCheck - INFO - System Health Check: PASSED
2026-03-06 10:39:48,685 - PipelineOrchestrator - INFO - Executing Dataset Analysis...
2026-03-06 10:39:50,383 - DatasetAnalysis - INFO - Starting Dataset Intelligence Pipeline
2026-03-06 10:39:50,383 - DatasetAnalysis - INFO - Loading data from exoplanet_data.planets ...
2026-03-06 10:39:50,488 - DatasetAnalysis - INFO - Loaded 6,128 rows.
2026-03-06 10:39:50,488 - DatasetAnalysis - INFO - Running Data Quality Diagnostics ...
2026-03-06 10:39:50,712 - DatasetAnalysis - INFO - Applying Filters and Removing Outliers ...
2026-03-06 10:39:50,715 - DatasetAnalysis - INFO - Physical bounds applied: removed 11 rows.
2026-03-06 10:39:50,719 - DatasetAnalysis - INFO - Z-Score filtering applied: removed 222 rows.
2026-03-06 10:39:50,720 - DatasetAnalysis - INFO - Data Balanced: final dataset has 5,895 rows.
2026-03-06 10:39:50,721 - DatasetAnalysis - INFO - Engineering Scientifically Meaningful Features ...
2026-03-06 10:39:50,723 - DatasetAnalysis - INFO - Features engineered successfully.
2026-03-06 10:39:50,724 - DatasetAnalysis - INFO - Generating Visual Reports ...
2026-03-06 10:39:51,379 - DatasetAnalysis - INFO - Visual reports saved to E:\exo-intel-platform\analysis_outputs
2026-03-06 10:39:51,380 - DatasetAnalysis - INFO - Writing Enriched Dataset to PostgreSQL ...
2026-03-06 10:39:51,823 - DatasetAnalysis - INFO - Successfully wrote 'exoplanet_data.planets_enriched' to the database.
2026-03-06 10:39:51,823 - DatasetAnalysis - INFO - Dataset Intelligence Pipeline Complete.
2026-03-06 10:39:52,113 - PipelineOrchestrator - INFO - ✅ Dataset Analysis completed in 3.43s
2026-03-06 10:39:52,114 - PipelineOrchestrator - INFO - Executing Habitability Model Training...
2026-03-06 10:39:53,970 - ModelTraining - INFO - Starting Model Training Pipeline
2026-03-06 10:39:53,970 - ModelTraining - INFO - Loading data from PostgreSQL...
2026-03-06 10:39:54,066 - ModelTraining - INFO - Loaded 6128 rows.
2026-03-06 10:39:54,066 - ModelTraining - INFO - Cleaning and balancing data...
2026-03-06 10:39:54,073 - ModelTraining - INFO - Data cleaned and balanced.
2026-03-06 10:39:54,073 - ModelTraining - INFO - Comparing models and tuning...
2026-03-06 10:39:58,796 - ModelTraining - INFO - Selected Best Model: GradientBoosting (R2: 0.9682)
2026-03-06 10:40:01,817 - ModelTraining - INFO - Running Final Evaluation...
2026-03-06 10:40:01,820 - ModelTraining - INFO - Model Eval -> R2: 0.9682, PredStd: 0.0560
2026-03-06 10:40:01,825 - ModelTraining - INFO - Model saved to E:\exo-intel-platform\src\ml_models\habitability_model.pkl
2026-03-06 10:40:01,826 - ModelTraining - INFO - Starting Model Training Pipeline
2026-03-06 10:40:01,826 - ModelTraining - INFO - Loading data from PostgreSQL...
2026-03-06 10:40:01,878 - ModelTraining - INFO - Loaded 6128 rows.
2026-03-06 10:40:01,878 - ModelTraining - INFO - Cleaning and balancing data...
2026-03-06 10:40:01,883 - ModelTraining - INFO - Data cleaned and balanced.
2026-03-06 10:40:01,883 - ModelTraining - INFO - Comparing models and tuning...
2026-03-06 10:40:05,228 - ModelTraining - INFO - Selected Best Model: GradientBoosting (R2: 0.9682)
2026-03-06 10:40:07,746 - ModelTraining - INFO - Running Final Evaluation...
2026-03-06 10:40:07,749 - ModelTraining - INFO - Model Eval -> R2: 0.9682, PredStd: 0.0560
2026-03-06 10:40:07,755 - ModelTraining - INFO - Model saved to E:\exo-intel-platform\src\ml_models\habitability_model.pkl
2026-03-06 10:40:08,385 - PipelineOrchestrator - INFO - ✅ Habitability Model Training completed in 16.27s
2026-03-06 10:40:08,386 - PipelineOrchestrator - INFO - Executing Planet Discovery Engine...
2026-03-06 10:40:10,145 - DiscoveryEngine - INFO - Starting Planet Discovery Pipeline
2026-03-06 10:40:10,145 - DiscoveryEngine - INFO - Loading Enriched Data from DB ...
2026-03-06 10:40:10,255 - DiscoveryEngine - INFO - Loaded 4,433 planets (dropped 1,462 due to missing ML features).
2026-03-06 10:40:10,256 - DiscoveryEngine - INFO - Running Batch ML Inference ...
2026-03-06 10:40:10,456 - DiscoveryEngine - INFO - Generated predictions for 4,433 planets.
2026-03-06 10:40:10,456 - DiscoveryEngine - INFO - Computing Ranks and Combined Scores ...
2026-03-06 10:40:10,460 - DiscoveryEngine - INFO - Discovery ranking complete.
2026-03-06 10:40:10,460 - DiscoveryEngine - INFO - Generating Visual Discovery Analytics ...
2026-03-06 10:40:11,007 - DiscoveryEngine - INFO - Discovery visuals saved to E:\exo-intel-platform\analysis_outputs
2026-03-06 10:40:11,007 - DiscoveryEngine - INFO - Writing Discovery Results to PostgreSQL ...
2026-03-06 10:40:11,549 - DiscoveryEngine - INFO - Successfully wrote 'exoplanet_data.habitable_planet_candidates' to DB.
2026-03-06 10:40:11,549 - DiscoveryEngine - INFO - Planet Discovery Pipeline Complete.
2026-03-06 10:40:11,860 - PipelineOrchestrator - INFO - ✅ Planet Discovery Engine completed in 3.47s
2026-03-06 10:40:11,861 - PipelineOrchestrator - INFO - Executing Explainability Engine...
2026-03-06 10:40:14,477 - ExplainabilityEngine - INFO - Starting SHAP Explainability Analysis
2026-03-06 10:40:14,507 - ExplainabilityEngine - INFO - Loading Enriched Dataset ...
2026-03-06 10:40:14,584 - ExplainabilityEngine - INFO - Loading the Trained ML Model ...
2026-03-06 10:40:14,590 - ExplainabilityEngine - INFO - Computing SHAP Values ...
2026-03-06 10:40:14,734 - ExplainabilityEngine - INFO - Generating SHAP Visualization Reports ...
2026-03-06 10:40:15,318 - ExplainabilityEngine - INFO - Local explanation for: Proxima Cen b
2026-03-06 10:40:15,508 - ExplainabilityEngine - INFO - Exporting Feature Importance to DB ...
2026-03-06 10:40:15,571 - ExplainabilityEngine - INFO - Saved feature importance to DB.
2026-03-06 10:40:15,572 - ExplainabilityEngine - INFO - Explainability Engine integration complete.
2026-03-06 10:40:15,572 - ExplainabilityEngine - INFO - Starting SHAP Explainability Analysis
2026-03-06 10:40:15,572 - ExplainabilityEngine - INFO - Loading Enriched Dataset ...
2026-03-06 10:40:15,638 - ExplainabilityEngine - INFO - Loading the Trained ML Model ...
2026-03-06 10:40:15,644 - ExplainabilityEngine - INFO - Computing SHAP Values ...
2026-03-06 10:40:15,791 - ExplainabilityEngine - INFO - Generating SHAP Visualization Reports ...
2026-03-06 10:40:16,423 - ExplainabilityEngine - INFO - Local explanation for: Proxima Cen b
2026-03-06 10:40:16,561 - ExplainabilityEngine - INFO - Exporting Feature Importance to DB ...
2026-03-06 10:40:16,622 - ExplainabilityEngine - INFO - Saved feature importance to DB.
2026-03-06 10:40:16,623 - ExplainabilityEngine - INFO - Explainability Engine integration complete.
2026-03-06 10:40:17,076 - PipelineOrchestrator - INFO - ✅ Explainability Engine completed in 5.21s
2026-03-06 10:40:17,076 - PipelineOrchestrator - INFO - Executing Insight Engine...
2026-03-06 10:40:17,484 - PipelineOrchestrator - ERROR - ❌ Insight Engine FAILED: Traceback (most recent call last):
  File "<frozen runpy>", line 198, in _run_module_as_main
  File "<frozen runpy>", line 88, in _run_code
  File "E:\exo-intel-platform\src\analytics\insight_engine.py", line 18, in <module>
    warnings.filterwarnings("ignore")
    ^^^^^^^^
NameError: name 'warnings' is not defined. Did you mean: 'Warning'? Or did you forget to import 'warnings'?

2026-03-06 10:40:17,486 - PipelineOrchestrator - INFO - Pipeline finished with status: FAILED
2026-03-06 10:40:39,264 - HealthCheck - INFO - Starting System Health Check...
2026-03-06 10:40:39,345 - HealthCheck - INFO - [PASS] Database: Database and raw 'planets' table found.
2026-03-06 10:40:39,345 - HealthCheck - INFO - [PASS] ML Model: Model artifact found.
2026-03-06 10:40:39,346 - HealthCheck - INFO - [PASS] Outputs: Output directory ready.
2026-03-06 10:40:39,346 - HealthCheck - INFO - System Health Check: PASSED
2026-03-06 10:40:39,346 - PipelineOrchestrator - INFO - Executing Dataset Analysis...
2026-03-06 10:40:41,152 - DatasetAnalysis - INFO - Starting Dataset Intelligence Pipeline
2026-03-06 10:40:41,152 - DatasetAnalysis - INFO - Loading data from exoplanet_data.planets ...
2026-03-06 10:40:41,258 - DatasetAnalysis - INFO - Loaded 6,128 rows.
2026-03-06 10:40:41,258 - DatasetAnalysis - INFO - Running Data Quality Diagnostics ...
2026-03-06 10:40:41,509 - DatasetAnalysis - INFO - Applying Filters and Removing Outliers ...
2026-03-06 10:40:41,512 - DatasetAnalysis - INFO - Physical bounds applied: removed 11 rows.
2026-03-06 10:40:41,517 - DatasetAnalysis - INFO - Z-Score filtering applied: removed 222 rows.
2026-03-06 10:40:41,520 - DatasetAnalysis - INFO - Data Balanced: final dataset has 5,895 rows.
2026-03-06 10:40:41,520 - DatasetAnalysis - INFO - Engineering Scientifically Meaningful Features ...
2026-03-06 10:40:41,524 - DatasetAnalysis - INFO - Features engineered successfully.
2026-03-06 10:40:41,524 - DatasetAnalysis - INFO - Generating Visual Reports ...
2026-03-06 10:40:42,377 - DatasetAnalysis - INFO - Visual reports saved to E:\exo-intel-platform\analysis_outputs
2026-03-06 10:40:42,377 - DatasetAnalysis - INFO - Writing Enriched Dataset to PostgreSQL ...
2026-03-06 10:40:43,067 - DatasetAnalysis - INFO - Successfully wrote 'exoplanet_data.planets_enriched' to the database.
2026-03-06 10:40:43,067 - DatasetAnalysis - INFO - Dataset Intelligence Pipeline Complete.
2026-03-06 10:40:43,460 - PipelineOrchestrator - INFO - ✅ Dataset Analysis completed in 4.11s
2026-03-06 10:40:43,461 - PipelineOrchestrator - INFO - Executing Habitability Model Training...
2026-03-06 10:40:45,385 - ModelTraining - INFO - Starting Model Training Pipeline
2026-03-06 10:40:45,386 - ModelTraining - INFO - Loading data from PostgreSQL...
2026-03-06 10:40:45,482 - ModelTraining - INFO - Loaded 6128 rows.
2026-03-06 10:40:45,482 - ModelTraining - INFO - Cleaning and balancing data...
2026-03-06 10:40:45,488 - ModelTraining - INFO - Data cleaned and balanced.
2026-03-06 10:40:45,488 - ModelTraining - INFO - Comparing models and tuning...
2026-03-06 10:40:51,648 - ModelTraining - INFO - Selected Best Model: GradientBoosting (R2: 0.9682)
2026-03-06 10:40:55,094 - ModelTraining - INFO - Running Final Evaluation...
2026-03-06 10:40:55,099 - ModelTraining - INFO - Model Eval -> R2: 0.9682, PredStd: 0.0560
2026-03-06 10:40:55,108 - ModelTraining - INFO - Model saved to E:\exo-intel-platform\src\ml_models\habitability_model.pkl
2026-03-06 10:40:55,108 - ModelTraining - INFO - Starting Model Training Pipeline
2026-03-06 10:40:55,109 - ModelTraining - INFO - Loading data from PostgreSQL...
2026-03-06 10:40:55,177 - ModelTraining - INFO - Loaded 6128 rows.
2026-03-06 10:40:55,177 - ModelTraining - INFO - Cleaning and balancing data...
2026-03-06 10:40:55,188 - ModelTraining - INFO - Data cleaned and balanced.
2026-03-06 10:40:55,188 - ModelTraining - INFO - Comparing models and tuning...
2026-03-06 10:40:59,910 - ModelTraining - INFO - Selected Best Model: GradientBoosting (R2: 0.9682)
2026-03-06 10:41:03,315 - ModelTraining - INFO - Running Final Evaluation...
2026-03-06 10:41:03,318 - ModelTraining - INFO - Model Eval -> R2: 0.9682, PredStd: 0.0560
2026-03-06 10:41:03,325 - ModelTraining - INFO - Model saved to E:\exo-intel-platform\src\ml_models\habitability_model.pkl
2026-03-06 10:41:03,997 - PipelineOrchestrator - INFO - ✅ Habitability Model Training completed in 20.54s
2026-03-06 10:41:03,998 - PipelineOrchestrator - INFO - Executing Planet Discovery Engine...
2026-03-06 10:41:05,826 - DiscoveryEngine - INFO - Starting Planet Discovery Pipeline
2026-03-06 10:41:05,827 - DiscoveryEngine - INFO - Loading Enriched Data from DB ...
2026-03-06 10:41:05,939 - DiscoveryEngine - INFO - Loaded 4,433 planets (dropped 1,462 due to missing ML features).
2026-03-06 10:41:05,939 - DiscoveryEngine - INFO - Running Batch ML Inference ...
2026-03-06 10:41:06,171 - DiscoveryEngine - INFO - Generated predictions for 4,433 planets.
2026-03-06 10:41:06,172 - DiscoveryEngine - INFO - Computing Ranks and Combined Scores ...
2026-03-06 10:41:06,176 - DiscoveryEngine - INFO - Discovery ranking complete.
2026-03-06 10:41:06,176 - DiscoveryEngine - INFO - Generating Visual Discovery Analytics ...
2026-03-06 10:41:06,735 - DiscoveryEngine - INFO - Discovery visuals saved to E:\exo-intel-platform\analysis_outputs
2026-03-06 10:41:06,735 - DiscoveryEngine - INFO - Writing Discovery Results to PostgreSQL ...
2026-03-06 10:41:07,221 - DiscoveryEngine - INFO - Successfully wrote 'exoplanet_data.habitable_planet_candidates' to DB.
2026-03-06 10:41:07,221 - DiscoveryEngine - INFO - Planet Discovery Pipeline Complete.
2026-03-06 10:41:07,576 - PipelineOrchestrator - INFO - ✅ Planet Discovery Engine completed in 3.58s
2026-03-06 10:41:07,576 - PipelineOrchestrator - INFO - Executing Explainability Engine...
2026-03-06 10:41:10,276 - ExplainabilityEngine - INFO - Starting SHAP Explainability Analysis
2026-03-06 10:41:10,307 - ExplainabilityEngine - INFO - Loading Enriched Dataset ...
2026-03-06 10:41:10,385 - ExplainabilityEngine - INFO - Loading the Trained ML Model ...
2026-03-06 10:41:10,392 - ExplainabilityEngine - INFO - Computing SHAP Values ...
2026-03-06 10:41:10,547 - ExplainabilityEngine - INFO - Generating SHAP Visualization Reports ...
2026-03-06 10:41:11,175 - ExplainabilityEngine - INFO - Local explanation for: Proxima Cen b
2026-03-06 10:41:11,438 - ExplainabilityEngine - INFO - Exporting Feature Importance to DB ...
2026-03-06 10:41:11,517 - ExplainabilityEngine - INFO - Saved feature importance to DB.
2026-03-06 10:41:11,518 - ExplainabilityEngine - INFO - Explainability Engine integration complete.
2026-03-06 10:41:11,518 - ExplainabilityEngine - INFO - Starting SHAP Explainability Analysis
2026-03-06 10:41:11,518 - ExplainabilityEngine - INFO - Loading Enriched Dataset ...
2026-03-06 10:41:11,608 - ExplainabilityEngine - INFO - Loading the Trained ML Model ...
2026-03-06 10:41:11,619 - ExplainabilityEngine - INFO - Computing SHAP Values ...
2026-03-06 10:41:11,845 - ExplainabilityEngine - INFO - Generating SHAP Visualization Reports ...
2026-03-06 10:41:12,571 - ExplainabilityEngine - INFO - Local explanation for: Proxima Cen b
2026-03-06 10:41:12,749 - ExplainabilityEngine - INFO - Exporting Feature Importance to DB ...
2026-03-06 10:41:12,814 - ExplainabilityEngine - INFO - Saved feature importance to DB.
2026-03-06 10:41:12,814 - ExplainabilityEngine - INFO - Explainability Engine integration complete.
2026-03-06 10:41:13,250 - PipelineOrchestrator - INFO - ✅ Explainability Engine completed in 5.67s
2026-03-06 10:41:13,251 - PipelineOrchestrator - INFO - Executing Insight Engine...
2026-03-06 10:41:14,913 - InsightEngine - INFO - Starting Scientific Insight Analysis
2026-03-06 10:41:14,940 - InsightEngine - INFO - Loading Datasets from PostgreSQL ...
2026-03-06 10:41:15,050 - InsightEngine - INFO - Loaded 4,433 planets with ML predictions.
2026-03-06 10:41:15,057 - InsightEngine - INFO - Exporting Insights to PostgreSQL ...
2026-03-06 10:41:15,131 - InsightEngine - INFO - Structural insight tables saved to DB.
2026-03-06 10:41:15,131 - InsightEngine - INFO - Generating Visual Analysis Reports ...
2026-03-06 10:41:15,781 - InsightEngine - INFO - Insight visuals saved to E:\exo-intel-platform\analysis_outputs
2026-03-06 10:41:15,781 - InsightEngine - INFO - Scientific Insight Engine finished.
2026-03-06 10:41:15,782 - InsightEngine - INFO - Starting Scientific Insight Analysis
2026-03-06 10:41:15,782 - InsightEngine - INFO - Loading Datasets from PostgreSQL ...
2026-03-06 10:41:15,884 - InsightEngine - INFO - Loaded 4,433 planets with ML predictions.
2026-03-06 10:41:15,890 - InsightEngine - INFO - Exporting Insights to PostgreSQL ...
2026-03-06 10:41:15,951 - InsightEngine - INFO - Structural insight tables saved to DB.
2026-03-06 10:41:15,951 - InsightEngine - INFO - Generating Visual Analysis Reports ...
2026-03-06 10:41:16,540 - InsightEngine - INFO - Insight visuals saved to E:\exo-intel-platform\analysis_outputs
2026-03-06 10:41:16,540 - InsightEngine - INFO - Scientific Insight Engine finished.
2026-03-06 10:41:16,839 - PipelineOrchestrator - INFO - ✅ Insight Engine completed in 3.59s
2026-03-06 10:41:16,841 - PipelineOrchestrator - INFO - Pipeline finished with status: SUCCESS
2026-03-06 10:41:16,842 - HealthCheck - INFO - Starting System Health Check...
2026-03-06 10:41:16,879 - HealthCheck - INFO - [PASS] Database: Database and raw 'planets' table found.
2026-03-06 10:41:16,886 - HealthCheck - INFO - [PASS] ML Model: Model artifact found.
2026-03-06 10:41:16,886 - HealthCheck - INFO - [PASS] Outputs: Output directory ready.
2026-03-06 10:41:16,886 - HealthCheck - INFO - System Health Check: PASSED
2026-03-06 10:41:16,886 - PipelineOrchestrator - INFO - Executing Dataset Analysis...
2026-03-06 10:41:18,634 - DatasetAnalysis - INFO - Starting Dataset Intelligence Pipeline
2026-03-06 10:41:18,635 - DatasetAnalysis - INFO - Loading data from exoplanet_data.planets ...
2026-03-06 10:41:18,739 - DatasetAnalysis - INFO - Loaded 6,128 rows.
2026-03-06 10:41:18,739 - DatasetAnalysis - INFO - Running Data Quality Diagnostics ...
2026-03-06 10:41:18,966 - DatasetAnalysis - INFO - Applying Filters and Removing Outliers ...
2026-03-06 10:41:18,969 - DatasetAnalysis - INFO - Physical bounds applied: removed 11 rows.
2026-03-06 10:41:18,973 - DatasetAnalysis - INFO - Z-Score filtering applied: removed 222 rows.
2026-03-06 10:41:18,975 - DatasetAnalysis - INFO - Data Balanced: final dataset has 5,895 rows.
2026-03-06 10:41:18,976 - DatasetAnalysis - INFO - Engineering Scientifically Meaningful Features ...
2026-03-06 10:41:18,979 - DatasetAnalysis - INFO - Features engineered successfully.
2026-03-06 10:41:18,979 - DatasetAnalysis - INFO - Generating Visual Reports ...
2026-03-06 10:41:19,660 - DatasetAnalysis - INFO - Visual reports saved to E:\exo-intel-platform\analysis_outputs
2026-03-06 10:41:19,660 - DatasetAnalysis - INFO - Writing Enriched Dataset to PostgreSQL ...
2026-03-06 10:41:20,121 - DatasetAnalysis - INFO - Successfully wrote 'exoplanet_data.planets_enriched' to the database.
2026-03-06 10:41:20,121 - DatasetAnalysis - INFO - Dataset Intelligence Pipeline Complete.
2026-03-06 10:41:20,412 - PipelineOrchestrator - INFO - ✅ Dataset Analysis completed in 3.52s
2026-03-06 10:41:20,412 - PipelineOrchestrator - INFO - Executing Habitability Model Training...
2026-03-06 10:41:22,300 - ModelTraining - INFO - Starting Model Training Pipeline
2026-03-06 10:41:22,300 - ModelTraining - INFO - Loading data from PostgreSQL...
2026-03-06 10:41:22,394 - ModelTraining - INFO - Loaded 6128 rows.
2026-03-06 10:41:22,394 - ModelTraining - INFO - Cleaning and balancing data...
2026-03-06 10:41:22,401 - ModelTraining - INFO - Data cleaned and balanced.
2026-03-06 10:41:22,401 - ModelTraining - INFO - Comparing models and tuning...
2026-03-06 10:41:27,158 - ModelTraining - INFO - Selected Best Model: GradientBoosting (R2: 0.9682)
2026-03-06 10:41:30,484 - ModelTraining - INFO - Running Final Evaluation...
2026-03-06 10:41:30,489 - ModelTraining - INFO - Model Eval -> R2: 0.9682, PredStd: 0.0560
2026-03-06 10:41:30,496 - ModelTraining - INFO - Model saved to E:\exo-intel-platform\src\ml_models\habitability_model.pkl
2026-03-06 10:41:30,497 - ModelTraining - INFO - Starting Model Training Pipeline
2026-03-06 10:41:30,497 - ModelTraining - INFO - Loading data from PostgreSQL...
2026-03-06 10:41:30,573 - ModelTraining - INFO - Loaded 6128 rows.
2026-03-06 10:41:30,573 - ModelTraining - INFO - Cleaning and balancing data...
2026-03-06 10:41:30,583 - ModelTraining - INFO - Data cleaned and balanced.
2026-03-06 10:41:30,583 - ModelTraining - INFO - Comparing models and tuning...
2026-03-06 10:41:35,191 - ModelTraining - INFO - Selected Best Model: GradientBoosting (R2: 0.9682)
2026-03-06 10:41:38,783 - ModelTraining - INFO - Running Final Evaluation...
2026-03-06 10:41:38,788 - ModelTraining - INFO - Model Eval -> R2: 0.9682, PredStd: 0.0560
2026-03-06 10:41:38,794 - ModelTraining - INFO - Model saved to E:\exo-intel-platform\src\ml_models\habitability_model.pkl
2026-03-06 10:41:39,538 - PipelineOrchestrator - INFO - ✅ Habitability Model Training completed in 19.13s
2026-03-06 10:41:39,539 - PipelineOrchestrator - INFO - Executing Planet Discovery Engine...
2026-03-06 10:41:41,486 - DiscoveryEngine - INFO - Starting Planet Discovery Pipeline
2026-03-06 10:41:41,486 - DiscoveryEngine - INFO - Loading Enriched Data from DB ...
2026-03-06 10:41:41,620 - DiscoveryEngine - INFO - Loaded 4,433 planets (dropped 1,462 due to missing ML features).
2026-03-06 10:41:41,620 - DiscoveryEngine - INFO - Running Batch ML Inference ...
2026-03-06 10:41:41,914 - DiscoveryEngine - INFO - Generated predictions for 4,433 planets.
2026-03-06 10:41:41,915 - DiscoveryEngine - INFO - Computing Ranks and Combined Scores ...
2026-03-06 10:41:41,919 - DiscoveryEngine - INFO - Discovery ranking complete.
2026-03-06 10:41:41,919 - DiscoveryEngine - INFO - Generating Visual Discovery Analytics ...
2026-03-06 10:41:42,621 - DiscoveryEngine - INFO - Discovery visuals saved to E:\exo-intel-platform\analysis_outputs
2026-03-06 10:41:42,621 - DiscoveryEngine - INFO - Writing Discovery Results to PostgreSQL ...
2026-03-06 10:41:43,260 - DiscoveryEngine - INFO - Successfully wrote 'exoplanet_data.habitable_planet_candidates' to DB.
2026-03-06 10:41:43,260 - DiscoveryEngine - INFO - Planet Discovery Pipeline Complete.
2026-03-06 10:41:43,707 - PipelineOrchestrator - INFO - ✅ Planet Discovery Engine completed in 4.17s
2026-03-06 10:41:43,707 - PipelineOrchestrator - INFO - Executing Explainability Engine...
2026-03-06 10:41:46,623 - ExplainabilityEngine - INFO - Starting SHAP Explainability Analysis
2026-03-06 10:41:46,653 - ExplainabilityEngine - INFO - Loading Enriched Dataset ...
2026-03-06 10:41:46,745 - ExplainabilityEngine - INFO - Loading the Trained ML Model ...
2026-03-06 10:41:46,755 - ExplainabilityEngine - INFO - Computing SHAP Values ...
2026-03-06 10:41:47,018 - ExplainabilityEngine - INFO - Generating SHAP Visualization Reports ...
2026-03-06 10:41:48,008 - ExplainabilityEngine - INFO - Local explanation for: Proxima Cen b
2026-03-06 10:41:48,311 - ExplainabilityEngine - INFO - Exporting Feature Importance to DB ...
2026-03-06 10:41:48,372 - ExplainabilityEngine - INFO - Saved feature importance to DB.
2026-03-06 10:41:48,372 - ExplainabilityEngine - INFO - Explainability Engine integration complete.
2026-03-06 10:41:48,373 - ExplainabilityEngine - INFO - Starting SHAP Explainability Analysis
2026-03-06 10:41:48,373 - ExplainabilityEngine - INFO - Loading Enriched Dataset ...
2026-03-06 10:41:48,470 - ExplainabilityEngine - INFO - Loading the Trained ML Model ...
2026-03-06 10:41:48,480 - ExplainabilityEngine - INFO - Computing SHAP Values ...
2026-03-06 10:41:48,730 - ExplainabilityEngine - INFO - Generating SHAP Visualization Reports ...
2026-03-06 10:41:49,768 - ExplainabilityEngine - INFO - Local explanation for: Proxima Cen b
2026-03-06 10:41:49,947 - ExplainabilityEngine - INFO - Exporting Feature Importance to DB ...
2026-03-06 10:41:50,006 - ExplainabilityEngine - INFO - Saved feature importance to DB.
2026-03-06 10:41:50,006 - ExplainabilityEngine - INFO - Explainability Engine integration complete.
2026-03-06 10:41:50,562 - PipelineOrchestrator - INFO - ✅ Explainability Engine completed in 6.85s
2026-03-06 10:41:50,562 - PipelineOrchestrator - INFO - Executing Insight Engine...
2026-03-06 10:41:52,211 - InsightEngine - INFO - Starting Scientific Insight Analysis
2026-03-06 10:41:52,237 - InsightEngine - INFO - Loading Datasets from PostgreSQL ...
2026-03-06 10:41:52,340 - InsightEngine - INFO - Loaded 4,433 planets with ML predictions.
2026-03-06 10:41:52,346 - InsightEngine - INFO - Exporting Insights to PostgreSQL ...
2026-03-06 10:41:52,414 - InsightEngine - INFO - Structural insight tables saved to DB.
2026-03-06 10:41:52,414 - InsightEngine - INFO - Generating Visual Analysis Reports ...
2026-03-06 10:41:52,958 - InsightEngine - INFO - Insight visuals saved to E:\exo-intel-platform\analysis_outputs
2026-03-06 10:41:52,958 - InsightEngine - INFO - Scientific Insight Engine finished.
2026-03-06 10:41:52,959 - InsightEngine - INFO - Starting Scientific Insight Analysis
2026-03-06 10:41:52,959 - InsightEngine - INFO - Loading Datasets from PostgreSQL ...
2026-03-06 10:41:53,058 - InsightEngine - INFO - Loaded 4,433 planets with ML predictions.
2026-03-06 10:41:53,063 - InsightEngine - INFO - Exporting Insights to PostgreSQL ...
2026-03-06 10:41:53,128 - InsightEngine - INFO - Structural insight tables saved to DB.
2026-03-06 10:41:53,128 - InsightEngine - INFO - Generating Visual Analysis Reports ...
2026-03-06 10:41:53,745 - InsightEngine - INFO - Insight visuals saved to E:\exo-intel-platform\analysis_outputs
2026-03-06 10:41:53,745 - InsightEngine - INFO - Scientific Insight Engine finished.
2026-03-06 10:41:54,114 - PipelineOrchestrator - INFO - ✅ Insight Engine completed in 3.55s
2026-03-06 10:41:54,160 - PipelineOrchestrator - INFO - Pipeline finished with status: SUCCESS
2026-03-06 10:45:35,014 - HealthCheck - INFO - Starting System Health Check...
2026-03-06 10:45:35,107 - HealthCheck - INFO - [PASS] Database: Database and raw 'planets' table found.
2026-03-06 10:45:35,107 - HealthCheck - INFO - [PASS] ML Model: Model artifact found.
2026-03-06 10:45:35,107 - HealthCheck - INFO - [PASS] Outputs: Output directory ready.
2026-03-06 10:45:35,108 - HealthCheck - INFO - System Health Check: PASSED
2026-03-06 10:45:35,108 - PipelineOrchestrator - INFO - Executing Dataset Analysis...
2026-03-06 10:45:36,763 - DatasetAnalysis - INFO - Starting Dataset Intelligence Pipeline
2026-03-06 10:45:36,763 - DatasetAnalysis - INFO - Loading data from exoplanet_data.planets ...
2026-03-06 10:45:36,864 - DatasetAnalysis - INFO - Loaded 6,128 rows.
2026-03-06 10:45:36,864 - DatasetAnalysis - INFO - Running Data Quality Diagnostics ...
2026-03-06 10:45:39,569 - DatasetAnalysis - INFO - Applying Filters and Removing Outliers ...
2026-03-06 10:45:39,573 - DatasetAnalysis - INFO - Physical bounds applied: removed 11 rows.
2026-03-06 10:45:39,576 - DatasetAnalysis - INFO - Z-Score filtering applied: removed 222 rows.
2026-03-06 10:45:39,578 - DatasetAnalysis - INFO - Data Balanced: final dataset has 5,895 rows.
2026-03-06 10:45:39,578 - DatasetAnalysis - INFO - Engineering Scientifically Meaningful Features ...
2026-03-06 10:45:39,581 - DatasetAnalysis - INFO - Features engineered successfully.
2026-03-06 10:45:39,581 - DatasetAnalysis - INFO - Generating Visual Reports ...
2026-03-06 10:45:40,219 - DatasetAnalysis - INFO - Visual reports saved to E:\exo-intel-platform\analysis_outputs
2026-03-06 10:45:40,219 - DatasetAnalysis - INFO - Writing Enriched Dataset to PostgreSQL ...
2026-03-06 10:45:40,645 - DatasetAnalysis - INFO - Successfully wrote 'exoplanet_data.planets_enriched' to the database.
2026-03-06 10:45:40,646 - DatasetAnalysis - INFO - Dataset Intelligence Pipeline Complete.
2026-03-06 10:45:40,917 - PipelineOrchestrator - INFO - ✅ Dataset Analysis completed in 5.81s
2026-03-06 10:45:40,917 - PipelineOrchestrator - INFO - Executing Habitability Model Training...
2026-03-06 10:45:42,625 - ModelTraining - INFO - Starting Model Training Pipeline
2026-03-06 10:45:42,626 - ModelTraining - INFO - Loading data from PostgreSQL...
2026-03-06 10:45:42,824 - ModelTraining - INFO - Loaded 6128 rows.
2026-03-06 10:45:42,824 - ModelTraining - INFO - Cleaning and balancing data...
2026-03-06 10:45:42,830 - ModelTraining - INFO - Data cleaned and balanced.
2026-03-06 10:45:42,830 - ModelTraining - INFO - Comparing models and tuning...
2026-03-06 10:45:47,948 - ModelTraining - INFO - Selected Best Model: GradientBoosting (R2: 0.9682)
2026-03-06 10:45:50,974 - ModelTraining - INFO - Running Final Evaluation...
2026-03-06 10:45:50,977 - ModelTraining - INFO - Model Eval -> R2: 0.9682, PredStd: 0.0560
2026-03-06 10:45:50,982 - ModelTraining - INFO - Model saved to E:\exo-intel-platform\src\ml_models\habitability_model.pkl
2026-03-06 10:45:50,983 - ModelTraining - INFO - Starting Model Training Pipeline
2026-03-06 10:45:50,983 - ModelTraining - INFO - Loading data from PostgreSQL...
2026-03-06 10:45:51,037 - ModelTraining - INFO - Loaded 6128 rows.
2026-03-06 10:45:51,037 - ModelTraining - INFO - Cleaning and balancing data...
2026-03-06 10:45:51,043 - ModelTraining - INFO - Data cleaned and balanced.
2026-03-06 10:45:51,043 - ModelTraining - INFO - Comparing models and tuning...
2026-03-06 10:45:54,462 - ModelTraining - INFO - Selected Best Model: GradientBoosting (R2: 0.9682)
2026-03-06 10:45:56,983 - ModelTraining - INFO - Running Final Evaluation...
2026-03-06 10:45:56,986 - ModelTraining - INFO - Model Eval -> R2: 0.9682, PredStd: 0.0560
2026-03-06 10:45:56,991 - ModelTraining - INFO - Model saved to E:\exo-intel-platform\src\ml_models\habitability_model.pkl
2026-03-06 10:45:57,576 - PipelineOrchestrator - INFO - ✅ Habitability Model Training completed in 16.66s
2026-03-06 10:45:57,577 - PipelineOrchestrator - INFO - Executing Planet Discovery Engine...
2026-03-06 10:45:59,348 - DiscoveryEngine - INFO - Starting Planet Discovery Pipeline
2026-03-06 10:45:59,348 - DiscoveryEngine - INFO - Loading Enriched Data from DB ...
2026-03-06 10:45:59,456 - DiscoveryEngine - INFO - Loaded 4,433 planets (dropped 1,462 due to missing ML features).
2026-03-06 10:45:59,456 - DiscoveryEngine - INFO - Running Batch ML Inference ...
2026-03-06 10:45:59,669 - DiscoveryEngine - INFO - Generated predictions for 4,433 planets.
2026-03-06 10:45:59,669 - DiscoveryEngine - INFO - Computing Ranks and Combined Scores ...
2026-03-06 10:45:59,672 - DiscoveryEngine - INFO - Discovery ranking complete.
2026-03-06 10:45:59,673 - DiscoveryEngine - INFO - Generating Visual Discovery Analytics ...
2026-03-06 10:46:00,267 - DiscoveryEngine - INFO - Discovery visuals saved to E:\exo-intel-platform\analysis_outputs
2026-03-06 10:46:00,267 - DiscoveryEngine - INFO - Writing Discovery Results to PostgreSQL ...
2026-03-06 10:46:00,733 - DiscoveryEngine - INFO - Successfully wrote 'exoplanet_data.habitable_planet_candidates' to DB.
2026-03-06 10:46:00,733 - DiscoveryEngine - INFO - Planet Discovery Pipeline Complete.
2026-03-06 10:46:01,086 - PipelineOrchestrator - INFO - ✅ Planet Discovery Engine completed in 3.51s
2026-03-06 10:46:01,087 - PipelineOrchestrator - INFO - Executing Explainability Engine...
2026-03-06 10:46:04,092 - ExplainabilityEngine - INFO - Starting SHAP Explainability Analysis
2026-03-06 10:46:04,125 - ExplainabilityEngine - INFO - Loading Enriched Dataset ...
2026-03-06 10:46:04,215 - ExplainabilityEngine - INFO - Loading the Trained ML Model ...
2026-03-06 10:46:04,221 - ExplainabilityEngine - INFO - Computing SHAP Values ...
2026-03-06 10:46:04,414 - ExplainabilityEngine - INFO - Generating SHAP Visualization Reports ...
2026-03-06 10:46:05,120 - ExplainabilityEngine - INFO - Local explanation for: Proxima Cen b
2026-03-06 10:46:05,348 - ExplainabilityEngine - INFO - Exporting Feature Importance to DB ...
2026-03-06 10:46:05,418 - ExplainabilityEngine - INFO - Saved feature importance to DB.
2026-03-06 10:46:05,418 - ExplainabilityEngine - INFO - Explainability Engine integration complete.
2026-03-06 10:46:05,418 - ExplainabilityEngine - INFO - Starting SHAP Explainability Analysis
2026-03-06 10:46:05,419 - ExplainabilityEngine - INFO - Loading Enriched Dataset ...
2026-03-06 10:46:05,497 - ExplainabilityEngine - INFO - Loading the Trained ML Model ...
2026-03-06 10:46:05,505 - ExplainabilityEngine - INFO - Computing SHAP Values ...
2026-03-06 10:46:05,742 - ExplainabilityEngine - INFO - Generating SHAP Visualization Reports ...
2026-03-06 10:46:06,539 - ExplainabilityEngine - INFO - Local explanation for: Proxima Cen b
2026-03-06 10:46:06,723 - ExplainabilityEngine - INFO - Exporting Feature Importance to DB ...
2026-03-06 10:46:06,792 - ExplainabilityEngine - INFO - Saved feature importance to DB.
2026-03-06 10:46:06,792 - ExplainabilityEngine - INFO - Explainability Engine integration complete.
2026-03-06 10:46:07,252 - PipelineOrchestrator - INFO - ✅ Explainability Engine completed in 6.16s
2026-03-06 10:46:07,253 - PipelineOrchestrator - INFO - Executing Insight Engine...
2026-03-06 10:46:09,064 - InsightEngine - INFO - Starting Scientific Insight Analysis
2026-03-06 10:46:09,092 - InsightEngine - INFO - Loading Datasets from PostgreSQL ...
2026-03-06 10:46:09,216 - InsightEngine - INFO - Loaded 4,433 planets with ML predictions.
2026-03-06 10:46:09,223 - InsightEngine - INFO - Exporting Insights to PostgreSQL ...
2026-03-06 10:46:09,291 - InsightEngine - INFO - Structural insight tables saved to DB.
2026-03-06 10:46:09,291 - InsightEngine - INFO - Generating Visual Analysis Reports ...
2026-03-06 10:46:09,925 - InsightEngine - INFO - Insight visuals saved to E:\exo-intel-platform\analysis_outputs
2026-03-06 10:46:09,925 - InsightEngine - INFO - Scientific Insight Engine finished.
2026-03-06 10:46:10,195 - PipelineOrchestrator - INFO - ✅ Insight Engine completed in 2.94s
2026-03-06 10:46:10,197 - PipelineOrchestrator - INFO - Pipeline finished with status: SUCCESS
2026-03-06 10:46:10,197 - HealthCheck - INFO - Starting System Health Check...
2026-03-06 10:46:10,236 - HealthCheck - INFO - [PASS] Database: Database and raw 'planets' table found.
2026-03-06 10:46:10,236 - HealthCheck - INFO - [PASS] ML Model: Model artifact found.
2026-03-06 10:46:10,237 - HealthCheck - INFO - [PASS] Outputs: Output directory ready.
2026-03-06 10:46:10,237 - HealthCheck - INFO - System Health Check: PASSED
2026-03-06 10:46:10,237 - PipelineOrchestrator - INFO - Executing Dataset Analysis...
2026-03-06 10:46:11,936 - DatasetAnalysis - INFO - Starting Dataset Intelligence Pipeline
2026-03-06 10:46:11,936 - DatasetAnalysis - INFO - Loading data from exoplanet_data.planets ...
2026-03-06 10:46:12,037 - DatasetAnalysis - INFO - Loaded 6,128 rows.
2026-03-06 10:46:12,037 - DatasetAnalysis - INFO - Running Data Quality Diagnostics ...
2026-03-06 10:46:12,257 - DatasetAnalysis - INFO - Applying Filters and Removing Outliers ...
2026-03-06 10:46:12,261 - DatasetAnalysis - INFO - Physical bounds applied: removed 11 rows.
2026-03-06 10:46:12,266 - DatasetAnalysis - INFO - Z-Score filtering applied: removed 222 rows.
2026-03-06 10:46:12,267 - DatasetAnalysis - INFO - Data Balanced: final dataset has 5,895 rows.
2026-03-06 10:46:12,268 - DatasetAnalysis - INFO - Engineering Scientifically Meaningful Features ...
2026-03-06 10:46:12,271 - DatasetAnalysis - INFO - Features engineered successfully.
2026-03-06 10:46:12,271 - DatasetAnalysis - INFO - Generating Visual Reports ...
2026-03-06 10:46:13,104 - DatasetAnalysis - INFO - Visual reports saved to E:\exo-intel-platform\analysis_outputs
2026-03-06 10:46:13,105 - DatasetAnalysis - INFO - Writing Enriched Dataset to PostgreSQL ...
2026-03-06 10:46:13,634 - DatasetAnalysis - INFO - Successfully wrote 'exoplanet_data.planets_enriched' to the database.
2026-03-06 10:46:13,634 - DatasetAnalysis - INFO - Dataset Intelligence Pipeline Complete.
2026-03-06 10:46:13,993 - PipelineOrchestrator - INFO - ✅ Dataset Analysis completed in 3.76s
2026-03-06 10:46:13,994 - PipelineOrchestrator - INFO - Executing Habitability Model Training...
2026-03-06 10:46:15,866 - ModelTraining - INFO - Starting Model Training Pipeline
2026-03-06 10:46:15,866 - ModelTraining - INFO - Loading data from PostgreSQL...
2026-03-06 10:46:15,955 - ModelTraining - INFO - Loaded 6128 rows.
2026-03-06 10:46:15,955 - ModelTraining - INFO - Cleaning and balancing data...
2026-03-06 10:46:15,961 - ModelTraining - INFO - Data cleaned and balanced.
2026-03-06 10:46:15,961 - ModelTraining - INFO - Comparing models and tuning...
2026-03-06 10:46:21,616 - ModelTraining - INFO - Selected Best Model: GradientBoosting (R2: 0.9682)
2026-03-06 10:46:25,182 - ModelTraining - INFO - Running Final Evaluation...
2026-03-06 10:46:25,185 - ModelTraining - INFO - Model Eval -> R2: 0.9682, PredStd: 0.0560
2026-03-06 10:46:25,191 - ModelTraining - INFO - Model saved to E:\exo-intel-platform\src\ml_models\habitability_model.pkl
2026-03-06 10:46:25,191 - ModelTraining - INFO - Starting Model Training Pipeline
2026-03-06 10:46:25,192 - ModelTraining - INFO - Loading data from PostgreSQL...
2026-03-06 10:46:25,249 - ModelTraining - INFO - Loaded 6128 rows.
2026-03-06 10:46:25,250 - ModelTraining - INFO - Cleaning and balancing data...
2026-03-06 10:46:25,259 - ModelTraining - INFO - Data cleaned and balanced.
2026-03-06 10:46:25,259 - ModelTraining - INFO - Comparing models and tuning...
2026-03-06 10:46:29,189 - ModelTraining - INFO - Selected Best Model: GradientBoosting (R2: 0.9682)
2026-03-06 10:46:32,603 - ModelTraining - INFO - Running Final Evaluation...
2026-03-06 10:46:32,605 - ModelTraining - INFO - Model Eval -> R2: 0.9682, PredStd: 0.0560
2026-03-06 10:46:32,612 - ModelTraining - INFO - Model saved to E:\exo-intel-platform\src\ml_models\habitability_model.pkl
2026-03-06 10:46:33,258 - PipelineOrchestrator - INFO - ✅ Habitability Model Training completed in 19.26s
2026-03-06 10:46:33,258 - PipelineOrchestrator - INFO - Executing Planet Discovery Engine...
2026-03-06 10:46:35,131 - DiscoveryEngine - INFO - Starting Planet Discovery Pipeline
2026-03-06 10:46:35,131 - DiscoveryEngine - INFO - Loading Enriched Data from DB ...
2026-03-06 10:46:35,241 - DiscoveryEngine - INFO - Loaded 4,433 planets (dropped 1,462 due to missing ML features).
2026-03-06 10:46:35,242 - DiscoveryEngine - INFO - Running Batch ML Inference ...
2026-03-06 10:46:35,436 - DiscoveryEngine - INFO - Generated predictions for 4,433 planets.
2026-03-06 10:46:35,436 - DiscoveryEngine - INFO - Computing Ranks and Combined Scores ...
2026-03-06 10:46:35,440 - DiscoveryEngine - INFO - Discovery ranking complete.
2026-03-06 10:46:35,440 - DiscoveryEngine - INFO - Generating Visual Discovery Analytics ...
2026-03-06 10:46:36,000 - DiscoveryEngine - INFO - Discovery visuals saved to E:\exo-intel-platform\analysis_outputs
2026-03-06 10:46:36,000 - DiscoveryEngine - INFO - Writing Discovery Results to PostgreSQL ...
2026-03-06 10:46:36,442 - DiscoveryEngine - INFO - Successfully wrote 'exoplanet_data.habitable_planet_candidates' to DB.
2026-03-06 10:46:36,443 - DiscoveryEngine - INFO - Planet Discovery Pipeline Complete.
2026-03-06 10:46:36,817 - PipelineOrchestrator - INFO - ✅ Planet Discovery Engine completed in 3.56s
2026-03-06 10:46:36,818 - PipelineOrchestrator - INFO - Executing Explainability Engine...
2026-03-06 10:46:39,579 - ExplainabilityEngine - INFO - Starting SHAP Explainability Analysis
2026-03-06 10:46:39,607 - ExplainabilityEngine - INFO - Loading Enriched Dataset ...
2026-03-06 10:46:39,695 - ExplainabilityEngine - INFO - Loading the Trained ML Model ...
2026-03-06 10:46:39,702 - ExplainabilityEngine - INFO - Computing SHAP Values ...
2026-03-06 10:46:39,889 - ExplainabilityEngine - INFO - Generating SHAP Visualization Reports ...
2026-03-06 10:46:40,612 - ExplainabilityEngine - INFO - Local explanation for: Proxima Cen b
2026-03-06 10:46:40,837 - ExplainabilityEngine - INFO - Exporting Feature Importance to DB ...
2026-03-06 10:46:40,903 - ExplainabilityEngine - INFO - Saved feature importance to DB.
2026-03-06 10:46:40,904 - ExplainabilityEngine - INFO - Explainability Engine integration complete.
2026-03-06 10:46:40,904 - ExplainabilityEngine - INFO - Starting SHAP Explainability Analysis
2026-03-06 10:46:40,904 - ExplainabilityEngine - INFO - Loading Enriched Dataset ...
2026-03-06 10:46:40,982 - ExplainabilityEngine - INFO - Loading the Trained ML Model ...
2026-03-06 10:46:40,988 - ExplainabilityEngine - INFO - Computing SHAP Values ...
2026-03-06 10:46:41,164 - ExplainabilityEngine - INFO - Generating SHAP Visualization Reports ...
2026-03-06 10:46:41,923 - ExplainabilityEngine - INFO - Local explanation for: Proxima Cen b
2026-03-06 10:46:42,101 - ExplainabilityEngine - INFO - Exporting Feature Importance to DB ...
2026-03-06 10:46:42,154 - ExplainabilityEngine - INFO - Saved feature importance to DB.
2026-03-06 10:46:42,154 - ExplainabilityEngine - INFO - Explainability Engine integration complete.
2026-03-06 10:46:42,635 - PipelineOrchestrator - INFO - ✅ Explainability Engine completed in 5.82s
2026-03-06 10:46:42,636 - PipelineOrchestrator - INFO - Executing Insight Engine...
2026-03-06 10:46:44,360 - InsightEngine - INFO - Starting Scientific Insight Analysis
2026-03-06 10:46:44,388 - InsightEngine - INFO - Loading Datasets from PostgreSQL ...
2026-03-06 10:46:44,510 - InsightEngine - INFO - Loaded 4,433 planets with ML predictions.
2026-03-06 10:46:44,516 - InsightEngine - INFO - Exporting Insights to PostgreSQL ...
2026-03-06 10:46:44,589 - InsightEngine - INFO - Structural insight tables saved to DB.
2026-03-06 10:46:44,589 - InsightEngine - INFO - Generating Visual Analysis Reports ...
2026-03-06 10:46:45,328 - InsightEngine - INFO - Insight visuals saved to E:\exo-intel-platform\analysis_outputs
2026-03-06 10:46:45,328 - InsightEngine - INFO - Scientific Insight Engine finished.
2026-03-06 10:46:45,622 - PipelineOrchestrator - INFO - ✅ Insight Engine completed in 2.99s
2026-03-06 10:46:45,625 - PipelineOrchestrator - INFO - Pipeline finished with status: SUCCESS
2026-03-06 10:48:23,709 - HealthCheck - INFO - Starting System Health Check...
2026-03-06 10:48:23,792 - HealthCheck - INFO - [PASS] Database: Database and raw 'planets' table found.
2026-03-06 10:48:23,793 - HealthCheck - INFO - [PASS] ML Model: Model artifact found.
2026-03-06 10:48:23,793 - HealthCheck - INFO - [PASS] Outputs: Output directory ready.
2026-03-06 10:48:23,793 - HealthCheck - INFO - System Health Check: PASSED
2026-03-06 10:48:23,793 - PipelineOrchestrator - INFO - Executing Dataset Analysis...
2026-03-06 10:48:25,369 - DatasetAnalysis - INFO - Starting Dataset Intelligence Pipeline
2026-03-06 10:48:25,369 - DatasetAnalysis - INFO - Loading data from exoplanet_data.planets ...
2026-03-06 10:48:25,476 - DatasetAnalysis - INFO - Loaded 6,128 rows.
2026-03-06 10:48:25,476 - DatasetAnalysis - INFO - Running Data Quality Diagnostics ...
2026-03-06 10:48:25,698 - DatasetAnalysis - INFO - Applying Filters and Removing Outliers ...
2026-03-06 10:48:25,702 - DatasetAnalysis - INFO - Physical bounds applied: removed 11 rows.
2026-03-06 10:48:25,706 - DatasetAnalysis - INFO - Z-Score filtering applied: removed 222 rows.
2026-03-06 10:48:25,708 - DatasetAnalysis - INFO - Data Balanced: final dataset has 5,895 rows.
2026-03-06 10:48:25,708 - DatasetAnalysis - INFO - Engineering Scientifically Meaningful Features ...
2026-03-06 10:48:25,711 - DatasetAnalysis - INFO - Features engineered successfully.
2026-03-06 10:48:25,712 - DatasetAnalysis - INFO - Generating Visual Reports ...
2026-03-06 10:48:26,356 - DatasetAnalysis - INFO - Visual reports saved to E:\exo-intel-platform\analysis_outputs
2026-03-06 10:48:26,356 - DatasetAnalysis - INFO - Writing Enriched Dataset to PostgreSQL ...
2026-03-06 10:48:26,787 - DatasetAnalysis - INFO - Successfully wrote 'exoplanet_data.planets_enriched' to the database.
2026-03-06 10:48:26,787 - DatasetAnalysis - INFO - Dataset Intelligence Pipeline Complete.
2026-03-06 10:48:27,048 - PipelineOrchestrator - INFO - ✅ Dataset Analysis completed in 3.25s
2026-03-06 10:48:27,049 - PipelineOrchestrator - INFO - Executing Habitability Model Training...
2026-03-06 10:48:28,762 - ModelTraining - INFO - Starting Model Training Pipeline
2026-03-06 10:48:28,762 - ModelTraining - INFO - Loading data from PostgreSQL...
2026-03-06 10:48:28,858 - ModelTraining - INFO - Loaded 6128 rows.
2026-03-06 10:48:28,858 - ModelTraining - INFO - Cleaning and balancing data...
2026-03-06 10:48:28,863 - ModelTraining - INFO - Data cleaned and balanced.
2026-03-06 10:48:28,864 - ModelTraining - INFO - Comparing models and tuning...
2026-03-06 10:48:34,006 - ModelTraining - INFO - Selected Best Model: GradientBoosting (R2: 0.9682)
2026-03-06 10:48:37,468 - ModelTraining - INFO - Running Final Evaluation...
2026-03-06 10:48:37,472 - ModelTraining - INFO - Model Eval -> R2: 0.9682, PredStd: 0.0560
2026-03-06 10:48:37,477 - ModelTraining - INFO - Model saved to E:\exo-intel-platform\src\ml_models\habitability_model.pkl
2026-03-06 10:48:37,478 - ModelTraining - INFO - Starting Model Training Pipeline
2026-03-06 10:48:37,478 - ModelTraining - INFO - Loading data from PostgreSQL...
2026-03-06 10:48:37,560 - ModelTraining - INFO - Loaded 6128 rows.
2026-03-06 10:48:37,560 - ModelTraining - INFO - Cleaning and balancing data...
2026-03-06 10:48:37,568 - ModelTraining - INFO - Data cleaned and balanced.
2026-03-06 10:48:37,569 - ModelTraining - INFO - Comparing models and tuning...
2026-03-06 10:48:42,495 - ModelTraining - INFO - Selected Best Model: GradientBoosting (R2: 0.9682)
2026-03-06 10:48:46,170 - ModelTraining - INFO - Running Final Evaluation...
2026-03-06 10:48:46,176 - ModelTraining - INFO - Model Eval -> R2: 0.9682, PredStd: 0.0560
2026-03-06 10:48:46,185 - ModelTraining - INFO - Model saved to E:\exo-intel-platform\src\ml_models\habitability_model.pkl
2026-03-06 10:48:47,022 - PipelineOrchestrator - INFO - ✅ Habitability Model Training completed in 19.97s
2026-03-06 10:48:47,022 - PipelineOrchestrator - INFO - Executing Planet Discovery Engine...
2026-03-06 10:48:49,119 - DiscoveryEngine - INFO - Starting Planet Discovery Pipeline
2026-03-06 10:48:49,119 - DiscoveryEngine - INFO - Loading Enriched Data from DB ...
2026-03-06 10:48:49,341 - DiscoveryEngine - INFO - Loaded 4,433 planets (dropped 1,462 due to missing ML features).
2026-03-06 10:48:49,341 - DiscoveryEngine - INFO - Running Batch ML Inference ...
2026-03-06 10:48:49,563 - DiscoveryEngine - INFO - Generated predictions for 4,433 planets.
2026-03-06 10:48:49,564 - DiscoveryEngine - INFO - Computing Ranks and Combined Scores ...
2026-03-06 10:48:49,568 - DiscoveryEngine - INFO - Discovery ranking complete.
2026-03-06 10:48:49,569 - DiscoveryEngine - INFO - Generating Visual Discovery Analytics ...
2026-03-06 10:48:50,163 - DiscoveryEngine - INFO - Discovery visuals saved to E:\exo-intel-platform\analysis_outputs
2026-03-06 10:48:50,164 - DiscoveryEngine - INFO - Writing Discovery Results to PostgreSQL ...
2026-03-06 10:48:50,613 - DiscoveryEngine - INFO - Successfully wrote 'exoplanet_data.habitable_planet_candidates' to DB.
2026-03-06 10:48:50,613 - DiscoveryEngine - INFO - Planet Discovery Pipeline Complete.
2026-03-06 10:48:50,927 - PipelineOrchestrator - INFO - ✅ Planet Discovery Engine completed in 3.90s
2026-03-06 10:48:50,927 - PipelineOrchestrator - INFO - Executing Explainability Engine...
2026-03-06 10:48:53,926 - ExplainabilityEngine - INFO - Starting SHAP Explainability Analysis
2026-03-06 10:48:53,963 - ExplainabilityEngine - INFO - Loading Enriched Dataset ...
2026-03-06 10:48:54,046 - ExplainabilityEngine - INFO - Loading the Trained ML Model ...
2026-03-06 10:48:54,052 - ExplainabilityEngine - INFO - Computing SHAP Values ...
2026-03-06 10:48:54,213 - ExplainabilityEngine - INFO - Generating SHAP Visualization Reports ...
2026-03-06 10:48:54,847 - ExplainabilityEngine - INFO - Local explanation for: Proxima Cen b
2026-03-06 10:48:55,044 - ExplainabilityEngine - INFO - Exporting Feature Importance to DB ...
2026-03-06 10:48:55,103 - ExplainabilityEngine - INFO - Saved feature importance to DB.
2026-03-06 10:48:55,103 - ExplainabilityEngine - INFO - Explainability Engine integration complete.
2026-03-06 10:48:55,103 - ExplainabilityEngine - INFO - Starting SHAP Explainability Analysis
2026-03-06 10:48:55,103 - ExplainabilityEngine - INFO - Loading Enriched Dataset ...
2026-03-06 10:48:55,169 - ExplainabilityEngine - INFO - Loading the Trained ML Model ...
2026-03-06 10:48:55,174 - ExplainabilityEngine - INFO - Computing SHAP Values ...
2026-03-06 10:48:55,322 - ExplainabilityEngine - INFO - Generating SHAP Visualization Reports ...
2026-03-06 10:48:55,992 - ExplainabilityEngine - INFO - Local explanation for: Proxima Cen b
2026-03-06 10:48:56,135 - ExplainabilityEngine - INFO - Exporting Feature Importance to DB ...
2026-03-06 10:48:56,185 - ExplainabilityEngine - INFO - Saved feature importance to DB.
2026-03-06 10:48:56,185 - ExplainabilityEngine - INFO - Explainability Engine integration complete.
2026-03-06 10:48:56,660 - PipelineOrchestrator - INFO - ✅ Explainability Engine completed in 5.73s
2026-03-06 10:48:56,660 - PipelineOrchestrator - INFO - Executing Insight Engine...
2026-03-06 10:48:58,442 - InsightEngine - INFO - Starting Scientific Insight Analysis
2026-03-06 10:48:58,470 - InsightEngine - INFO - Loading Datasets from PostgreSQL ...
2026-03-06 10:48:58,588 - InsightEngine - INFO - Loaded 4,433 planets with ML predictions.
2026-03-06 10:48:58,596 - InsightEngine - INFO - Exporting Insights to PostgreSQL ...
2026-03-06 10:48:58,666 - InsightEngine - INFO - Structural insight tables saved to DB.
2026-03-06 10:48:58,666 - InsightEngine - INFO - Generating Visual Analysis Reports ...
2026-03-06 10:48:59,297 - InsightEngine - INFO - Insight visuals saved to E:\exo-intel-platform\analysis_outputs
2026-03-06 10:48:59,297 - InsightEngine - INFO - Scientific Insight Engine finished.
2026-03-06 10:48:59,610 - PipelineOrchestrator - INFO - ✅ Insight Engine completed in 2.95s
2026-03-06 10:48:59,610 - PipelineOrchestrator - INFO - Executing Discovery Summary Generator...
2026-03-06 10:49:00,426 - SummaryGenerator - INFO - Generating Discovery Summary report...
2026-03-06 10:49:00,540 - SummaryGenerator - ERROR - Failed to generate discovery summary: 'discovery_score'
2026-03-06 10:49:00,675 - PipelineOrchestrator - INFO - ✅ Discovery Summary Generator completed in 1.06s
2026-03-06 10:49:00,676 - PipelineOrchestrator - INFO - Pipeline finished with status: SUCCESS
2026-03-06 10:49:30,607 - SummaryGenerator - INFO - Generating Discovery Summary report...
2026-03-06 10:49:30,745 - SummaryGenerator - INFO - Discovery summary report saved to E:\exo-intel-platform\analysis_outputs\discovery_summary.txt
2026-03-06 11:00:49,236 - HealthCheck - INFO - Starting System Health Check...
2026-03-06 11:00:49,321 - HealthCheck - INFO - [PASS] Database: Database and raw 'planets' table found.
2026-03-06 11:00:49,321 - HealthCheck - INFO - [PASS] ML Model: Model artifact found.
2026-03-06 11:00:49,321 - HealthCheck - INFO - [PASS] Outputs: Output directory ready.
2026-03-06 11:00:49,321 - HealthCheck - INFO - System Health Check: PASSED
2026-03-06 11:00:49,321 - PipelineOrchestrator - INFO - Executing Dataset Analysis...
2026-03-06 11:00:50,937 - DatasetAnalysis - INFO - Starting Dataset Intelligence Pipeline
2026-03-06 11:00:50,937 - DatasetAnalysis - INFO - Loading data from exoplanet_data.planets ...
2026-03-06 11:00:51,040 - DatasetAnalysis - INFO - Loaded 6,128 rows.
2026-03-06 11:00:51,040 - DatasetAnalysis - INFO - Running Data Quality Diagnostics ...
2026-03-06 11:00:51,257 - DatasetAnalysis - INFO - Applying Filters and Removing Outliers ...
2026-03-06 11:00:51,260 - DatasetAnalysis - INFO - Physical bounds applied: removed 11 rows.
2026-03-06 11:00:51,264 - DatasetAnalysis - INFO - Z-Score filtering applied: removed 222 rows.
2026-03-06 11:00:51,266 - DatasetAnalysis - INFO - Data Balanced: final dataset has 5,895 rows.
2026-03-06 11:00:51,267 - DatasetAnalysis - INFO - Engineering Scientifically Meaningful Features ...
2026-03-06 11:00:51,269 - DatasetAnalysis - INFO - Features engineered successfully.
2026-03-06 11:00:51,270 - DatasetAnalysis - INFO - Generating Visual Reports ...
2026-03-06 11:00:51,913 - DatasetAnalysis - INFO - Visual reports saved to E:\exo-intel-platform\analysis_outputs
2026-03-06 11:00:51,913 - DatasetAnalysis - INFO - Writing Enriched Dataset to PostgreSQL ...
2026-03-06 11:00:52,380 - DatasetAnalysis - INFO - Successfully wrote 'exoplanet_data.planets_enriched' to the database.
2026-03-06 11:00:52,381 - DatasetAnalysis - INFO - Dataset Intelligence Pipeline Complete.
2026-03-06 11:00:52,682 - PipelineOrchestrator - INFO - Executing Habitability Model Training...
2026-03-06 11:00:54,695 - ModelTraining - INFO - Starting Model Training Pipeline
2026-03-06 11:00:54,695 - ModelTraining - INFO - Loading data from PostgreSQL...
2026-03-06 11:00:54,787 - ModelTraining - INFO - Loaded 6128 rows.
2026-03-06 11:00:54,787 - ModelTraining - INFO - Cleaning and balancing data...
2026-03-06 11:00:54,793 - ModelTraining - INFO - Data cleaned and balanced.
2026-03-06 11:00:54,793 - ModelTraining - INFO - Comparing models and tuning...
2026-03-06 11:00:59,983 - ModelTraining - INFO - Selected Best Model: GradientBoosting (R2: 0.9682)
2026-03-06 11:01:03,023 - ModelTraining - INFO - Running Final Evaluation...
2026-03-06 11:01:03,026 - ModelTraining - INFO - Model Eval -> R2: 0.9682, PredStd: 0.0560
2026-03-06 11:01:03,032 - ModelTraining - INFO - Model saved to E:\exo-intel-platform\src\ml_models\habitability_model.pkl
2026-03-06 11:01:03,032 - ModelTraining - INFO - Starting Model Training Pipeline
2026-03-06 11:01:03,033 - ModelTraining - INFO - Loading data from PostgreSQL...
2026-03-06 11:01:03,084 - ModelTraining - INFO - Loaded 6128 rows.
2026-03-06 11:01:03,085 - ModelTraining - INFO - Cleaning and balancing data...
2026-03-06 11:01:03,090 - ModelTraining - INFO - Data cleaned and balanced.
2026-03-06 11:01:03,090 - ModelTraining - INFO - Comparing models and tuning...
2026-03-06 11:01:06,684 - ModelTraining - INFO - Selected Best Model: GradientBoosting (R2: 0.9682)
2026-03-06 11:01:09,367 - ModelTraining - INFO - Running Final Evaluation...
2026-03-06 11:01:09,370 - ModelTraining - INFO - Model Eval -> R2: 0.9682, PredStd: 0.0560
2026-03-06 11:01:09,391 - ModelTraining - INFO - Model saved to E:\exo-intel-platform\src\ml_models\habitability_model.pkl
2026-03-06 11:01:09,995 - PipelineOrchestrator - INFO - Executing Planet Discovery Engine...
2026-03-06 11:01:11,773 - DiscoveryEngine - INFO - Starting Planet Discovery Pipeline
2026-03-06 11:01:11,774 - DiscoveryEngine - INFO - Loading Enriched Data from DB ...
2026-03-06 11:01:11,998 - DiscoveryEngine - INFO - Loaded 4,433 planets (dropped 1,462 due to missing ML features).
2026-03-06 11:01:11,998 - DiscoveryEngine - INFO - Running Batch ML Inference ...
2026-03-06 11:01:12,201 - DiscoveryEngine - INFO - Generated predictions for 4,433 planets.
2026-03-06 11:01:12,201 - DiscoveryEngine - INFO - Computing Ranks and Combined Scores ...
2026-03-06 11:01:12,204 - DiscoveryEngine - INFO - Discovery ranking complete.
2026-03-06 11:01:12,204 - DiscoveryEngine - INFO - Generating Visual Discovery Analytics ...
2026-03-06 11:01:12,763 - DiscoveryEngine - INFO - Discovery visuals saved to E:\exo-intel-platform\analysis_outputs
2026-03-06 11:01:12,763 - DiscoveryEngine - INFO - Writing Discovery Results to PostgreSQL ...
2026-03-06 11:01:13,230 - DiscoveryEngine - INFO - Successfully wrote 'exoplanet_data.habitable_planet_candidates' to DB.
2026-03-06 11:01:13,230 - DiscoveryEngine - INFO - Planet Discovery Pipeline Complete.
2026-03-06 11:01:13,543 - PipelineOrchestrator - INFO - Executing Explainability Engine...
2026-03-06 11:01:16,243 - ExplainabilityEngine - INFO - Starting SHAP Explainability Analysis
2026-03-06 11:01:16,278 - ExplainabilityEngine - INFO - Loading Enriched Dataset ...
2026-03-06 11:01:16,361 - ExplainabilityEngine - INFO - Loading the Trained ML Model ...
2026-03-06 11:01:16,367 - ExplainabilityEngine - INFO - Computing SHAP Values ...
2026-03-06 11:01:16,513 - ExplainabilityEngine - INFO - Generating SHAP Visualization Reports ...
2026-03-06 11:01:17,098 - ExplainabilityEngine - INFO - Local explanation for: Proxima Cen b
2026-03-06 11:01:17,283 - ExplainabilityEngine - INFO - Exporting Feature Importance to DB ...
2026-03-06 11:01:17,343 - ExplainabilityEngine - INFO - Saved feature importance to DB.
2026-03-06 11:01:17,343 - ExplainabilityEngine - INFO - Explainability Engine integration complete.
2026-03-06 11:01:17,781 - PipelineOrchestrator - INFO - Executing Insight Engine...
2026-03-06 11:01:19,559 - InsightEngine - INFO - Starting Scientific Insight Analysis
2026-03-06 11:01:19,589 - InsightEngine - INFO - Loading Datasets from PostgreSQL ...
2026-03-06 11:01:19,701 - InsightEngine - INFO - Loaded 4,433 planets with ML predictions.
2026-03-06 11:01:19,708 - InsightEngine - INFO - Exporting Insights to PostgreSQL ...
2026-03-06 11:01:19,783 - InsightEngine - INFO - Structural insight tables saved to DB.
2026-03-06 11:01:19,783 - InsightEngine - INFO - Generating Visual Analysis Reports ...
2026-03-06 11:01:20,389 - InsightEngine - INFO - Insight visuals saved to E:\exo-intel-platform\analysis_outputs
2026-03-06 11:01:20,389 - InsightEngine - INFO - Scientific Insight Engine finished.
2026-03-06 11:01:20,671 - PipelineOrchestrator - INFO - Executing Discovery Summary Generator...
2026-03-06 11:01:21,424 - SummaryGenerator - INFO - Generating Discovery Summary report...
2026-03-06 11:01:21,552 - SummaryGenerator - INFO - Discovery summary report saved to E:\exo-intel-platform\analysis_outputs\discovery_summary.txt
2026-03-06 11:01:21,685 - PipelineOrchestrator - INFO - Pipeline finished with status: SUCCESS
